<?xml version="1.0" encoding="UTF-8"?>
<testng-results ignored="0" total="4" passed="4" failed="0" skipped="0">
  <reporter-output>
  </reporter-output>
  <suite started-at="2024-04-10T16:43:01 IST" name="Default suite" finished-at="2024-04-10T16:45:35 IST" duration-ms="154506">
    <groups>
      <group name="cucumber">
        <method signature="AbstractTestNGCucumberTests.runScenario(io.cucumber.testng.PickleWrapper,io.cucumber.testng.FeatureWrapper)[pri:0, instance:Test_Runner.Runner@5149d738]" name="runScenario" class="io.cucumber.testng.AbstractTestNGCucumberTests"/>
      </group> <!-- cucumber -->
    </groups>
    <test started-at="2024-04-10T16:43:01 IST" name="Default test" finished-at="2024-04-10T16:45:35 IST" duration-ms="154506">
      <class name="Test_Runner.Runner">
        <test-method is-config="true" signature="setUpClass(org.testng.ITestContext)[pri:0, instance:Test_Runner.Runner@5149d738]" started-at="2024-04-10T16:43:01 IST" name="setUpClass" finished-at="2024-04-10T16:43:01 IST" duration-ms="849" status="PASS">
          <params>
            <param index="0">
              <value>
                <![CDATA[org.testng.TestRunner@440ef8d]]>
              </value>
            </param>
          </params>
          <reporter-output>
          </reporter-output>
        </test-method> <!-- setUpClass -->
        <test-method signature="runScenario(io.cucumber.testng.PickleWrapper,io.cucumber.testng.FeatureWrapper)[pri:0, instance:Test_Runner.Runner@5149d738]" started-at="2024-04-10T16:43:01 IST" name="runScenario" description="Runs Cucumber Scenarios" data-provider="scenarios" finished-at="2024-04-10T16:43:21 IST" duration-ms="19091" status="PASS">
          <params>
            <param index="0">
              <value>
                <![CDATA["OpenMRS Login Page"]]>
              </value>
            </param>
            <param index="1">
              <value>
                <![CDATA["OpenMRS Automation"]]>
              </value>
            </param>
          </params>
          <reporter-output>
          </reporter-output>
        </test-method> <!-- runScenario -->
        <test-method signature="runScenario(io.cucumber.testng.PickleWrapper,io.cucumber.testng.FeatureWrapper)[pri:0, instance:Test_Runner.Runner@5149d738]" started-at="2024-04-10T16:43:21 IST" name="runScenario" description="Runs Cucumber Scenarios" data-provider="scenarios" finished-at="2024-04-10T16:44:22 IST" duration-ms="61728" status="PASS">
          <params>
            <param index="0">
              <value>
                <![CDATA["OpenMRS Patient Registration"]]>
              </value>
            </param>
            <param index="1">
              <value>
                <![CDATA["OpenMRS Automation"]]>
              </value>
            </param>
          </params>
          <reporter-output>
          </reporter-output>
        </test-method> <!-- runScenario -->
        <test-method signature="runScenario(io.cucumber.testng.PickleWrapper,io.cucumber.testng.FeatureWrapper)[pri:0, instance:Test_Runner.Runner@5149d738]" started-at="2024-04-10T16:44:22 IST" name="runScenario" description="Runs Cucumber Scenarios" data-provider="scenarios" finished-at="2024-04-10T16:44:58 IST" duration-ms="35801" status="PASS">
          <params>
            <param index="0">
              <value>
                <![CDATA["OpenMRS Patient Page"]]>
              </value>
            </param>
            <param index="1">
              <value>
                <![CDATA["OpenMRS Automation"]]>
              </value>
            </param>
          </params>
          <reporter-output>
          </reporter-output>
        </test-method> <!-- runScenario -->
        <test-method signature="runScenario(io.cucumber.testng.PickleWrapper,io.cucumber.testng.FeatureWrapper)[pri:0, instance:Test_Runner.Runner@5149d738]" started-at="2024-04-10T16:44:58 IST" name="runScenario" description="Runs Cucumber Scenarios" data-provider="scenarios" finished-at="2024-04-10T16:45:35 IST" duration-ms="36853" status="PASS">
          <params>
            <param index="0">
              <value>
                <![CDATA["OpenMRS Capture vitals"]]>
              </value>
            </param>
            <param index="1">
              <value>
                <![CDATA["OpenMRS Automation"]]>
              </value>
            </param>
          </params>
          <reporter-output>
          </reporter-output>
        </test-method> <!-- runScenario -->
        <test-method is-config="true" signature="tearDownClass()[pri:0, instance:Test_Runner.Runner@5149d738]" started-at="2024-04-10T16:45:35 IST" name="tearDownClass" finished-at="2024-04-10T16:45:35 IST" duration-ms="101" status="PASS">
          <reporter-output>
          </reporter-output>
        </test-method> <!-- tearDownClass -->
      </class> <!-- Test_Runner.Runner -->
    </test> <!-- Default test -->
  </suite> <!-- Default suite -->
</testng-results>
